[2025-02-11T17:48:45.942+0000] {local_task_job_runner.py:123} INFO - ::group::Pre task execution logs
[2025-02-11T17:48:45.974+0000] {taskinstance.py:2614} INFO - Dependencies all met for dep_context=non-requeueable deps ti=<TaskInstance: kaggle_to_s3_pipeline.download_kaggle_data manual__2025-02-11T17:48:40.476062+00:00 [queued]>
[2025-02-11T17:48:45.982+0000] {taskinstance.py:2614} INFO - Dependencies all met for dep_context=requeueable deps ti=<TaskInstance: kaggle_to_s3_pipeline.download_kaggle_data manual__2025-02-11T17:48:40.476062+00:00 [queued]>
[2025-02-11T17:48:45.982+0000] {taskinstance.py:2867} INFO - Starting attempt 1 of 2
[2025-02-11T17:48:45.997+0000] {taskinstance.py:2890} INFO - Executing <Task(PythonOperator): download_kaggle_data> on 2025-02-11 17:48:40.476062+00:00
[2025-02-11T17:48:46.020+0000] {warnings.py:112} WARNING - /home/***/.local/lib/python3.12/site-packages/***/task/task_runner/standard_task_runner.py:70: DeprecationWarning: This process (pid=112) is multi-threaded, use of fork() may lead to deadlocks in the child.
  pid = os.fork()

[2025-02-11T17:48:46.025+0000] {standard_task_runner.py:104} INFO - Running: ['***', 'tasks', 'run', 'kaggle_to_s3_pipeline', 'download_kaggle_data', 'manual__2025-02-11T17:48:40.476062+00:00', '--job-id', '10', '--raw', '--subdir', 'DAGS_FOLDER/s3_data.py', '--cfg-path', '/tmp/tmp2e47dm5o']
[2025-02-11T17:48:46.027+0000] {standard_task_runner.py:105} INFO - Job 10: Subtask download_kaggle_data
[2025-02-11T17:48:46.026+0000] {standard_task_runner.py:72} INFO - Started process 115 to run task
[2025-02-11T17:48:46.076+0000] {task_command.py:467} INFO - Running <TaskInstance: kaggle_to_s3_pipeline.download_kaggle_data manual__2025-02-11T17:48:40.476062+00:00 [running]> on host c9167234c945
[2025-02-11T17:48:46.194+0000] {taskinstance.py:3134} INFO - Exporting env vars: AIRFLOW_CTX_DAG_OWNER='***' AIRFLOW_CTX_DAG_ID='kaggle_to_s3_pipeline' AIRFLOW_CTX_TASK_ID='download_kaggle_data' AIRFLOW_CTX_EXECUTION_DATE='2025-02-11T17:48:40.476062+00:00' AIRFLOW_CTX_TRY_NUMBER='1' AIRFLOW_CTX_DAG_RUN_ID='manual__2025-02-11T17:48:40.476062+00:00'
[2025-02-11T17:48:46.195+0000] {taskinstance.py:732} INFO - ::endgroup::
[2025-02-11T17:48:46.287+0000] {s3_data.py:20} INFO - Downloading dataset wyattowalsh/basketball to /opt/***/data
[2025-02-11T17:48:46.351+0000] {s3_data.py:23} INFO - Dataset downloaded successfully.
[2025-02-11T17:48:46.363+0000] {python.py:240} INFO - Done. Returned value was: None
[2025-02-11T17:48:46.463+0000] {taskinstance.py:341} INFO - ::group::Post task execution logs
[2025-02-11T17:48:46.466+0000] {taskinstance.py:353} INFO - Marking task as SUCCESS. dag_id=kaggle_to_s3_pipeline, task_id=download_kaggle_data, run_id=manual__2025-02-11T17:48:40.476062+00:00, execution_date=20250211T174840, start_date=20250211T174845, end_date=20250211T174846
[2025-02-11T17:48:46.735+0000] {local_task_job_runner.py:266} INFO - Task exited with return code 0
[2025-02-11T17:48:46.873+0000] {local_task_job_runner.py:245} INFO - ::endgroup::
