[2025-02-25T23:16:02.987+0000] {processor.py:186} INFO - Started process (PID=76) to work on /opt/airflow/dags/read_sqlite.py
[2025-02-25T23:16:02.992+0000] {processor.py:914} INFO - Processing file /opt/airflow/dags/read_sqlite.py for tasks to queue
[2025-02-25T23:16:03.010+0000] {logging_mixin.py:190} INFO - [2025-02-25T23:16:03.005+0000] {dagbag.py:588} INFO - Filling up the DagBag from /opt/airflow/dags/read_sqlite.py
[2025-02-25T23:16:03.340+0000] {processor.py:925} INFO - DAG(s) 'read_sqlite' retrieved from /opt/airflow/dags/read_sqlite.py
[2025-02-25T23:16:03.457+0000] {logging_mixin.py:190} INFO - [2025-02-25T23:16:03.456+0000] {dag.py:3239} INFO - Sync 1 DAGs
[2025-02-25T23:16:03.520+0000] {logging_mixin.py:190} INFO - [2025-02-25T23:16:03.519+0000] {dag.py:4180} INFO - Setting next_dagrun for read_sqlite to None, run_after=None
[2025-02-25T23:16:03.568+0000] {processor.py:208} INFO - Processing /opt/airflow/dags/read_sqlite.py took 0.595 seconds
[2025-02-25T23:16:34.092+0000] {processor.py:186} INFO - Started process (PID=90) to work on /opt/airflow/dags/read_sqlite.py
[2025-02-25T23:16:34.096+0000] {processor.py:914} INFO - Processing file /opt/airflow/dags/read_sqlite.py for tasks to queue
[2025-02-25T23:16:34.100+0000] {logging_mixin.py:190} INFO - [2025-02-25T23:16:34.100+0000] {dagbag.py:588} INFO - Filling up the DagBag from /opt/airflow/dags/read_sqlite.py
[2025-02-25T23:16:34.155+0000] {processor.py:925} INFO - DAG(s) 'read_sqlite' retrieved from /opt/airflow/dags/read_sqlite.py
[2025-02-25T23:16:34.189+0000] {logging_mixin.py:190} INFO - [2025-02-25T23:16:34.189+0000] {dag.py:3239} INFO - Sync 1 DAGs
[2025-02-25T23:16:34.204+0000] {logging_mixin.py:190} INFO - [2025-02-25T23:16:34.203+0000] {dag.py:4180} INFO - Setting next_dagrun for read_sqlite to None, run_after=None
[2025-02-25T23:16:34.224+0000] {processor.py:208} INFO - Processing /opt/airflow/dags/read_sqlite.py took 0.140 seconds
[2025-02-25T23:17:04.756+0000] {processor.py:186} INFO - Started process (PID=98) to work on /opt/airflow/dags/read_sqlite.py
[2025-02-25T23:17:04.758+0000] {processor.py:914} INFO - Processing file /opt/airflow/dags/read_sqlite.py for tasks to queue
[2025-02-25T23:17:04.760+0000] {logging_mixin.py:190} INFO - [2025-02-25T23:17:04.759+0000] {dagbag.py:588} INFO - Filling up the DagBag from /opt/airflow/dags/read_sqlite.py
[2025-02-25T23:17:04.824+0000] {processor.py:925} INFO - DAG(s) 'read_sqlite' retrieved from /opt/airflow/dags/read_sqlite.py
[2025-02-25T23:17:04.847+0000] {logging_mixin.py:190} INFO - [2025-02-25T23:17:04.846+0000] {dag.py:3239} INFO - Sync 1 DAGs
[2025-02-25T23:17:04.860+0000] {logging_mixin.py:190} INFO - [2025-02-25T23:17:04.859+0000] {dag.py:4180} INFO - Setting next_dagrun for read_sqlite to None, run_after=None
[2025-02-25T23:17:04.874+0000] {processor.py:208} INFO - Processing /opt/airflow/dags/read_sqlite.py took 0.124 seconds
[2025-02-25T23:17:35.447+0000] {processor.py:186} INFO - Started process (PID=105) to work on /opt/airflow/dags/read_sqlite.py
[2025-02-25T23:17:35.452+0000] {processor.py:914} INFO - Processing file /opt/airflow/dags/read_sqlite.py for tasks to queue
[2025-02-25T23:17:35.455+0000] {logging_mixin.py:190} INFO - [2025-02-25T23:17:35.455+0000] {dagbag.py:588} INFO - Filling up the DagBag from /opt/airflow/dags/read_sqlite.py
[2025-02-25T23:17:35.533+0000] {processor.py:925} INFO - DAG(s) 'read_sqlite' retrieved from /opt/airflow/dags/read_sqlite.py
[2025-02-25T23:17:35.565+0000] {logging_mixin.py:190} INFO - [2025-02-25T23:17:35.565+0000] {dag.py:3239} INFO - Sync 1 DAGs
[2025-02-25T23:17:35.591+0000] {logging_mixin.py:190} INFO - [2025-02-25T23:17:35.591+0000] {dag.py:4180} INFO - Setting next_dagrun for read_sqlite to None, run_after=None
[2025-02-25T23:17:35.631+0000] {processor.py:208} INFO - Processing /opt/airflow/dags/read_sqlite.py took 0.190 seconds
[2025-02-25T23:18:06.073+0000] {processor.py:186} INFO - Started process (PID=113) to work on /opt/airflow/dags/read_sqlite.py
[2025-02-25T23:18:06.076+0000] {processor.py:914} INFO - Processing file /opt/airflow/dags/read_sqlite.py for tasks to queue
[2025-02-25T23:18:06.085+0000] {logging_mixin.py:190} INFO - [2025-02-25T23:18:06.085+0000] {dagbag.py:588} INFO - Filling up the DagBag from /opt/airflow/dags/read_sqlite.py
[2025-02-25T23:18:06.131+0000] {processor.py:925} INFO - DAG(s) 'read_sqlite' retrieved from /opt/airflow/dags/read_sqlite.py
[2025-02-25T23:18:06.180+0000] {logging_mixin.py:190} INFO - [2025-02-25T23:18:06.179+0000] {dag.py:3239} INFO - Sync 1 DAGs
[2025-02-25T23:18:06.198+0000] {logging_mixin.py:190} INFO - [2025-02-25T23:18:06.198+0000] {dag.py:4180} INFO - Setting next_dagrun for read_sqlite to None, run_after=None
[2025-02-25T23:18:06.231+0000] {processor.py:208} INFO - Processing /opt/airflow/dags/read_sqlite.py took 0.178 seconds
[2025-02-25T23:18:36.640+0000] {processor.py:186} INFO - Started process (PID=120) to work on /opt/airflow/dags/read_sqlite.py
[2025-02-25T23:18:36.642+0000] {processor.py:914} INFO - Processing file /opt/airflow/dags/read_sqlite.py for tasks to queue
[2025-02-25T23:18:36.649+0000] {logging_mixin.py:190} INFO - [2025-02-25T23:18:36.648+0000] {dagbag.py:588} INFO - Filling up the DagBag from /opt/airflow/dags/read_sqlite.py
[2025-02-25T23:18:36.734+0000] {processor.py:925} INFO - DAG(s) 'read_sqlite' retrieved from /opt/airflow/dags/read_sqlite.py
[2025-02-25T23:18:36.768+0000] {logging_mixin.py:190} INFO - [2025-02-25T23:18:36.767+0000] {dag.py:3239} INFO - Sync 1 DAGs
[2025-02-25T23:18:36.793+0000] {logging_mixin.py:190} INFO - [2025-02-25T23:18:36.793+0000] {dag.py:4180} INFO - Setting next_dagrun for read_sqlite to None, run_after=None
[2025-02-25T23:18:36.820+0000] {processor.py:208} INFO - Processing /opt/airflow/dags/read_sqlite.py took 0.191 seconds
[2025-02-25T23:19:07.570+0000] {processor.py:186} INFO - Started process (PID=129) to work on /opt/airflow/dags/read_sqlite.py
[2025-02-25T23:19:07.574+0000] {processor.py:914} INFO - Processing file /opt/airflow/dags/read_sqlite.py for tasks to queue
[2025-02-25T23:19:07.578+0000] {logging_mixin.py:190} INFO - [2025-02-25T23:19:07.577+0000] {dagbag.py:588} INFO - Filling up the DagBag from /opt/airflow/dags/read_sqlite.py
[2025-02-25T23:19:07.672+0000] {processor.py:925} INFO - DAG(s) 'read_sqlite' retrieved from /opt/airflow/dags/read_sqlite.py
[2025-02-25T23:19:07.762+0000] {logging_mixin.py:190} INFO - [2025-02-25T23:19:07.762+0000] {dag.py:3239} INFO - Sync 1 DAGs
[2025-02-25T23:19:07.794+0000] {logging_mixin.py:190} INFO - [2025-02-25T23:19:07.794+0000] {dag.py:4180} INFO - Setting next_dagrun for read_sqlite to None, run_after=None
[2025-02-25T23:19:07.848+0000] {processor.py:208} INFO - Processing /opt/airflow/dags/read_sqlite.py took 0.291 seconds
