[2025-02-25T23:16:02.931+0000] {processor.py:186} INFO - Started process (PID=75) to work on /opt/airflow/dags/s3_data.py
[2025-02-25T23:16:02.934+0000] {processor.py:914} INFO - Processing file /opt/airflow/dags/s3_data.py for tasks to queue
[2025-02-25T23:16:02.949+0000] {logging_mixin.py:190} INFO - [2025-02-25T23:16:02.945+0000] {dagbag.py:588} INFO - Filling up the DagBag from /opt/airflow/dags/s3_data.py
[2025-02-25T23:16:03.684+0000] {processor.py:925} INFO - DAG(s) 'kaggle_to_s3_pipeline' retrieved from /opt/airflow/dags/s3_data.py
[2025-02-25T23:16:03.778+0000] {logging_mixin.py:190} INFO - [2025-02-25T23:16:03.778+0000] {dag.py:3239} INFO - Sync 1 DAGs
[2025-02-25T23:16:03.892+0000] {logging_mixin.py:190} INFO - [2025-02-25T23:16:03.891+0000] {dag.py:4180} INFO - Setting next_dagrun for kaggle_to_s3_pipeline to 2025-02-25 00:00:00+00:00, run_after=2025-02-26 00:00:00+00:00
[2025-02-25T23:16:03.935+0000] {processor.py:208} INFO - Processing /opt/airflow/dags/s3_data.py took 1.013 seconds
[2025-02-25T23:16:34.092+0000] {processor.py:186} INFO - Started process (PID=89) to work on /opt/airflow/dags/s3_data.py
[2025-02-25T23:16:34.093+0000] {processor.py:914} INFO - Processing file /opt/airflow/dags/s3_data.py for tasks to queue
[2025-02-25T23:16:34.097+0000] {logging_mixin.py:190} INFO - [2025-02-25T23:16:34.096+0000] {dagbag.py:588} INFO - Filling up the DagBag from /opt/airflow/dags/s3_data.py
[2025-02-25T23:16:34.243+0000] {processor.py:925} INFO - DAG(s) 'kaggle_to_s3_pipeline' retrieved from /opt/airflow/dags/s3_data.py
[2025-02-25T23:16:34.256+0000] {logging_mixin.py:190} INFO - [2025-02-25T23:16:34.256+0000] {dag.py:3239} INFO - Sync 1 DAGs
[2025-02-25T23:16:34.271+0000] {logging_mixin.py:190} INFO - [2025-02-25T23:16:34.271+0000] {dag.py:4180} INFO - Setting next_dagrun for kaggle_to_s3_pipeline to 2025-02-25 00:00:00+00:00, run_after=2025-02-26 00:00:00+00:00
[2025-02-25T23:16:34.281+0000] {processor.py:208} INFO - Processing /opt/airflow/dags/s3_data.py took 0.197 seconds
[2025-02-25T23:17:04.755+0000] {processor.py:186} INFO - Started process (PID=97) to work on /opt/airflow/dags/s3_data.py
[2025-02-25T23:17:04.757+0000] {processor.py:914} INFO - Processing file /opt/airflow/dags/s3_data.py for tasks to queue
[2025-02-25T23:17:04.760+0000] {logging_mixin.py:190} INFO - [2025-02-25T23:17:04.760+0000] {dagbag.py:588} INFO - Filling up the DagBag from /opt/airflow/dags/s3_data.py
[2025-02-25T23:17:04.892+0000] {processor.py:925} INFO - DAG(s) 'kaggle_to_s3_pipeline' retrieved from /opt/airflow/dags/s3_data.py
[2025-02-25T23:17:04.905+0000] {logging_mixin.py:190} INFO - [2025-02-25T23:17:04.905+0000] {dag.py:3239} INFO - Sync 1 DAGs
[2025-02-25T23:17:04.920+0000] {logging_mixin.py:190} INFO - [2025-02-25T23:17:04.920+0000] {dag.py:4180} INFO - Setting next_dagrun for kaggle_to_s3_pipeline to 2025-02-25 00:00:00+00:00, run_after=2025-02-26 00:00:00+00:00
[2025-02-25T23:17:04.929+0000] {processor.py:208} INFO - Processing /opt/airflow/dags/s3_data.py took 0.183 seconds
[2025-02-25T23:17:35.447+0000] {processor.py:186} INFO - Started process (PID=104) to work on /opt/airflow/dags/s3_data.py
[2025-02-25T23:17:35.448+0000] {processor.py:914} INFO - Processing file /opt/airflow/dags/s3_data.py for tasks to queue
[2025-02-25T23:17:35.454+0000] {logging_mixin.py:190} INFO - [2025-02-25T23:17:35.454+0000] {dagbag.py:588} INFO - Filling up the DagBag from /opt/airflow/dags/s3_data.py
[2025-02-25T23:17:35.648+0000] {processor.py:925} INFO - DAG(s) 'kaggle_to_s3_pipeline' retrieved from /opt/airflow/dags/s3_data.py
[2025-02-25T23:17:35.671+0000] {logging_mixin.py:190} INFO - [2025-02-25T23:17:35.671+0000] {dag.py:3239} INFO - Sync 1 DAGs
[2025-02-25T23:17:35.700+0000] {logging_mixin.py:190} INFO - [2025-02-25T23:17:35.699+0000] {dag.py:4180} INFO - Setting next_dagrun for kaggle_to_s3_pipeline to 2025-02-25 00:00:00+00:00, run_after=2025-02-26 00:00:00+00:00
[2025-02-25T23:17:35.723+0000] {processor.py:208} INFO - Processing /opt/airflow/dags/s3_data.py took 0.287 seconds
[2025-02-25T23:18:06.073+0000] {processor.py:186} INFO - Started process (PID=112) to work on /opt/airflow/dags/s3_data.py
[2025-02-25T23:18:06.077+0000] {processor.py:914} INFO - Processing file /opt/airflow/dags/s3_data.py for tasks to queue
[2025-02-25T23:18:06.082+0000] {logging_mixin.py:190} INFO - [2025-02-25T23:18:06.082+0000] {dagbag.py:588} INFO - Filling up the DagBag from /opt/airflow/dags/s3_data.py
[2025-02-25T23:18:06.235+0000] {processor.py:925} INFO - DAG(s) 'kaggle_to_s3_pipeline' retrieved from /opt/airflow/dags/s3_data.py
[2025-02-25T23:18:06.255+0000] {logging_mixin.py:190} INFO - [2025-02-25T23:18:06.255+0000] {dag.py:3239} INFO - Sync 1 DAGs
[2025-02-25T23:18:06.633+0000] {logging_mixin.py:190} INFO - [2025-02-25T23:18:06.633+0000] {dag.py:4180} INFO - Setting next_dagrun for kaggle_to_s3_pipeline to 2025-02-25 00:00:00+00:00, run_after=2025-02-26 00:00:00+00:00
[2025-02-25T23:18:06.646+0000] {processor.py:208} INFO - Processing /opt/airflow/dags/s3_data.py took 0.594 seconds
[2025-02-25T23:18:36.849+0000] {processor.py:186} INFO - Started process (PID=121) to work on /opt/airflow/dags/s3_data.py
[2025-02-25T23:18:36.850+0000] {processor.py:914} INFO - Processing file /opt/airflow/dags/s3_data.py for tasks to queue
[2025-02-25T23:18:36.852+0000] {logging_mixin.py:190} INFO - [2025-02-25T23:18:36.852+0000] {dagbag.py:588} INFO - Filling up the DagBag from /opt/airflow/dags/s3_data.py
[2025-02-25T23:18:36.928+0000] {processor.py:925} INFO - DAG(s) 'kaggle_to_s3_pipeline' retrieved from /opt/airflow/dags/s3_data.py
[2025-02-25T23:18:36.944+0000] {logging_mixin.py:190} INFO - [2025-02-25T23:18:36.944+0000] {dag.py:3239} INFO - Sync 1 DAGs
[2025-02-25T23:18:36.964+0000] {logging_mixin.py:190} INFO - [2025-02-25T23:18:36.963+0000] {dag.py:4180} INFO - Setting next_dagrun for kaggle_to_s3_pipeline to 2025-02-25 00:00:00+00:00, run_after=2025-02-26 00:00:00+00:00
[2025-02-25T23:18:36.974+0000] {processor.py:208} INFO - Processing /opt/airflow/dags/s3_data.py took 0.130 seconds
[2025-02-25T23:19:07.569+0000] {processor.py:186} INFO - Started process (PID=128) to work on /opt/airflow/dags/s3_data.py
[2025-02-25T23:19:07.572+0000] {processor.py:914} INFO - Processing file /opt/airflow/dags/s3_data.py for tasks to queue
[2025-02-25T23:19:07.578+0000] {logging_mixin.py:190} INFO - [2025-02-25T23:19:07.578+0000] {dagbag.py:588} INFO - Filling up the DagBag from /opt/airflow/dags/s3_data.py
[2025-02-25T23:19:07.792+0000] {processor.py:925} INFO - DAG(s) 'kaggle_to_s3_pipeline' retrieved from /opt/airflow/dags/s3_data.py
[2025-02-25T23:19:07.813+0000] {logging_mixin.py:190} INFO - [2025-02-25T23:19:07.813+0000] {dag.py:3239} INFO - Sync 1 DAGs
[2025-02-25T23:19:07.858+0000] {logging_mixin.py:190} INFO - [2025-02-25T23:19:07.857+0000] {dag.py:4180} INFO - Setting next_dagrun for kaggle_to_s3_pipeline to 2025-02-25 00:00:00+00:00, run_after=2025-02-26 00:00:00+00:00
[2025-02-25T23:19:07.874+0000] {processor.py:208} INFO - Processing /opt/airflow/dags/s3_data.py took 0.317 seconds
