[2025-02-11T17:54:47.475+0000] {local_task_job_runner.py:123} INFO - ::group::Pre task execution logs
[2025-02-11T17:54:47.492+0000] {taskinstance.py:2614} INFO - Dependencies all met for dep_context=non-requeueable deps ti=<TaskInstance: kaggle_to_s3_pipeline.download_kaggle_data manual__2025-02-11T17:54:41.768780+00:00 [queued]>
[2025-02-11T17:54:47.499+0000] {taskinstance.py:2614} INFO - Dependencies all met for dep_context=requeueable deps ti=<TaskInstance: kaggle_to_s3_pipeline.download_kaggle_data manual__2025-02-11T17:54:41.768780+00:00 [queued]>
[2025-02-11T17:54:47.500+0000] {taskinstance.py:2867} INFO - Starting attempt 1 of 2
[2025-02-11T17:54:47.509+0000] {taskinstance.py:2890} INFO - Executing <Task(PythonOperator): download_kaggle_data> on 2025-02-11 17:54:41.768780+00:00
[2025-02-11T17:54:47.534+0000] {warnings.py:112} WARNING - /home/***/.local/lib/python3.12/site-packages/***/task/task_runner/standard_task_runner.py:70: DeprecationWarning: This process (pid=105) is multi-threaded, use of fork() may lead to deadlocks in the child.
  pid = os.fork()

[2025-02-11T17:54:47.537+0000] {standard_task_runner.py:104} INFO - Running: ['***', 'tasks', 'run', 'kaggle_to_s3_pipeline', 'download_kaggle_data', 'manual__2025-02-11T17:54:41.768780+00:00', '--job-id', '17', '--raw', '--subdir', 'DAGS_FOLDER/s3_data.py', '--cfg-path', '/tmp/tmpcwbfqvxw']
[2025-02-11T17:54:47.541+0000] {standard_task_runner.py:105} INFO - Job 17: Subtask download_kaggle_data
[2025-02-11T17:54:47.541+0000] {standard_task_runner.py:72} INFO - Started process 106 to run task
[2025-02-11T17:54:47.637+0000] {task_command.py:467} INFO - Running <TaskInstance: kaggle_to_s3_pipeline.download_kaggle_data manual__2025-02-11T17:54:41.768780+00:00 [running]> on host c716bfbd0c9e
[2025-02-11T17:54:48.200+0000] {taskinstance.py:3134} INFO - Exporting env vars: AIRFLOW_CTX_DAG_OWNER='***' AIRFLOW_CTX_DAG_ID='kaggle_to_s3_pipeline' AIRFLOW_CTX_TASK_ID='download_kaggle_data' AIRFLOW_CTX_EXECUTION_DATE='2025-02-11T17:54:41.768780+00:00' AIRFLOW_CTX_TRY_NUMBER='1' AIRFLOW_CTX_DAG_RUN_ID='manual__2025-02-11T17:54:41.768780+00:00'
[2025-02-11T17:54:48.244+0000] {taskinstance.py:732} INFO - ::endgroup::
[2025-02-11T17:54:48.460+0000] {s3_data.py:20} INFO - Downloading dataset wyattowalsh/basketball to /opt/***/data
[2025-02-11T17:54:48.471+0000] {s3_data.py:23} INFO - Dataset downloaded successfully.
[2025-02-11T17:54:48.472+0000] {python.py:240} INFO - Done. Returned value was: None
[2025-02-11T17:54:48.505+0000] {taskinstance.py:341} INFO - ::group::Post task execution logs
[2025-02-11T17:54:48.506+0000] {taskinstance.py:353} INFO - Marking task as SUCCESS. dag_id=kaggle_to_s3_pipeline, task_id=download_kaggle_data, run_id=manual__2025-02-11T17:54:41.768780+00:00, execution_date=20250211T175441, start_date=20250211T175447, end_date=20250211T175448
[2025-02-11T17:54:48.609+0000] {local_task_job_runner.py:266} INFO - Task exited with return code 0
[2025-02-11T17:54:48.669+0000] {taskinstance.py:3901} INFO - 1 downstream tasks scheduled from follow-on schedule check
[2025-02-11T17:54:48.671+0000] {local_task_job_runner.py:245} INFO - ::endgroup::
