[2025-02-11T20:17:20.400+0000] {local_task_job_runner.py:123} INFO - ::group::Pre task execution logs
[2025-02-11T20:17:20.425+0000] {taskinstance.py:2614} INFO - Dependencies all met for dep_context=non-requeueable deps ti=<TaskInstance: kaggle_to_s3_pipeline.upload_to_s3 manual__2025-02-11T20:17:15.172567+00:00 [queued]>
[2025-02-11T20:17:20.433+0000] {taskinstance.py:2614} INFO - Dependencies all met for dep_context=requeueable deps ti=<TaskInstance: kaggle_to_s3_pipeline.upload_to_s3 manual__2025-02-11T20:17:15.172567+00:00 [queued]>
[2025-02-11T20:17:20.433+0000] {taskinstance.py:2867} INFO - Starting attempt 1 of 2
[2025-02-11T20:17:20.443+0000] {taskinstance.py:2890} INFO - Executing <Task(PythonOperator): upload_to_s3> on 2025-02-11 20:17:15.172567+00:00
[2025-02-11T20:17:20.456+0000] {warnings.py:112} WARNING - /home/***/.local/lib/python3.12/site-packages/***/task/task_runner/standard_task_runner.py:70: DeprecationWarning: This process (pid=96) is multi-threaded, use of fork() may lead to deadlocks in the child.
  pid = os.fork()

[2025-02-11T20:17:20.462+0000] {standard_task_runner.py:72} INFO - Started process 97 to run task
[2025-02-11T20:17:20.464+0000] {standard_task_runner.py:104} INFO - Running: ['***', 'tasks', 'run', 'kaggle_to_s3_pipeline', 'upload_to_s3', 'manual__2025-02-11T20:17:15.172567+00:00', '--job-id', '74', '--raw', '--subdir', 'DAGS_FOLDER/s3_data.py', '--cfg-path', '/tmp/tmpxg4abpbt']
[2025-02-11T20:17:20.474+0000] {standard_task_runner.py:105} INFO - Job 74: Subtask upload_to_s3
[2025-02-11T20:17:20.548+0000] {task_command.py:467} INFO - Running <TaskInstance: kaggle_to_s3_pipeline.upload_to_s3 manual__2025-02-11T20:17:15.172567+00:00 [running]> on host e114761c8b9b
[2025-02-11T20:17:20.622+0000] {taskinstance.py:3134} INFO - Exporting env vars: AIRFLOW_CTX_DAG_OWNER='***' AIRFLOW_CTX_DAG_ID='kaggle_to_s3_pipeline' AIRFLOW_CTX_TASK_ID='upload_to_s3' AIRFLOW_CTX_EXECUTION_DATE='2025-02-11T20:17:15.172567+00:00' AIRFLOW_CTX_TRY_NUMBER='1' AIRFLOW_CTX_DAG_RUN_ID='manual__2025-02-11T20:17:15.172567+00:00'
[2025-02-11T20:17:20.624+0000] {taskinstance.py:732} INFO - ::endgroup::
[2025-02-11T20:17:20.639+0000] {s3_data.py:50} INFO - Uploading CSV files from /opt/***/data/csv to S3 bucket capstone***
[2025-02-11T20:17:21.123+0000] {s3_data.py:65} INFO - Uploading play_by_play.csv to capstone*** at nba_data/csv/play_by_play.csv
[2025-02-11T20:26:42.056+0000] {job.py:229} INFO - Heartbeat recovered after 229.64 seconds
[2025-02-11T20:34:28.510+0000] {s3_data.py:65} INFO - Uploading game_info.csv to capstone*** at nba_data/csv/game_info.csv
[2025-02-11T20:34:29.921+0000] {s3_data.py:65} INFO - Uploading player.csv to capstone*** at nba_data/csv/player.csv
[2025-02-11T20:34:30.119+0000] {s3_data.py:65} INFO - Uploading team_history.csv to capstone*** at nba_data/csv/team_history.csv
[2025-02-11T20:34:30.210+0000] {s3_data.py:65} INFO - Uploading team_info_common.csv to capstone*** at nba_data/csv/team_info_common.csv
[2025-02-11T20:34:30.316+0000] {s3_data.py:65} INFO - Uploading inactive_players.csv to capstone*** at nba_data/csv/inactive_players.csv
[2025-02-11T20:34:33.618+0000] {s3_data.py:65} INFO - Uploading other_stats.csv to capstone*** at nba_data/csv/other_stats.csv
[2025-02-11T20:34:35.037+0000] {s3_data.py:65} INFO - Uploading officials.csv to capstone*** at nba_data/csv/officials.csv
[2025-02-11T20:34:35.936+0000] {s3_data.py:65} INFO - Uploading game_summary.csv to capstone*** at nba_data/csv/game_summary.csv
[2025-02-11T20:34:37.992+0000] {s3_data.py:65} INFO - Uploading draft_combine_stats.csv to capstone*** at nba_data/csv/draft_combine_stats.csv
[2025-02-11T20:34:38.198+0000] {s3_data.py:65} INFO - Uploading team_details.csv to capstone*** at nba_data/csv/team_details.csv
[2025-02-11T20:34:38.320+0000] {s3_data.py:65} INFO - Uploading draft_history.csv to capstone*** at nba_data/csv/draft_history.csv
[2025-02-11T20:34:38.767+0000] {s3_data.py:65} INFO - Uploading line_score.csv to capstone*** at nba_data/csv/line_score.csv
[2025-02-11T20:34:44.283+0000] {s3_data.py:65} INFO - Uploading common_player_info.csv to capstone*** at nba_data/csv/common_player_info.csv
[2025-02-11T20:34:44.876+0000] {s3_data.py:65} INFO - Uploading team.csv to capstone*** at nba_data/csv/team.csv
[2025-02-11T20:34:44.997+0000] {s3_data.py:65} INFO - Uploading game.csv to capstone*** at nba_data/csv/game.csv
[2025-02-11T20:34:53.207+0000] {s3_data.py:68} INFO - All CSV files uploaded successfully.
[2025-02-11T20:34:53.217+0000] {python.py:240} INFO - Done. Returned value was: None
[2025-02-11T20:34:53.373+0000] {taskinstance.py:341} INFO - ::group::Post task execution logs
[2025-02-11T20:34:53.376+0000] {taskinstance.py:353} INFO - Marking task as SUCCESS. dag_id=kaggle_to_s3_pipeline, task_id=upload_to_s3, run_id=manual__2025-02-11T20:17:15.172567+00:00, execution_date=20250211T201715, start_date=20250211T201720, end_date=20250211T203453
[2025-02-11T20:34:55.432+0000] {local_task_job_runner.py:266} INFO - Task exited with return code 0
[2025-02-11T20:34:55.486+0000] {taskinstance.py:3901} INFO - 0 downstream tasks scheduled from follow-on schedule check
[2025-02-11T20:34:55.491+0000] {local_task_job_runner.py:245} INFO - ::endgroup::
